<?xml version="1.0" encoding="UTF-8"?>
<testsuites>
  <testsuite name="CodeIgniter Application Test Suite" tests="4" assertions="4" failures="0" errors="0" time="0.075436">
    <testsuite name="Login_test" file="/var/www/html/gretel-upload/application/tests/controllers/Login_test.php" tests="3" assertions="3" failures="0" errors="0" time="0.047875">
      <testcase name="test_index" class="Login_test" file="/var/www/html/gretel-upload/application/tests/controllers/Login_test.php" line="6" assertions="1" time="0.024647"/>
      <testcase name="test_method_404" class="Login_test" file="/var/www/html/gretel-upload/application/tests/controllers/Login_test.php" line="12" assertions="1" time="0.018646"/>
      <testcase name="test_APPPATH" class="Login_test" file="/var/www/html/gretel-upload/application/tests/controllers/Login_test.php" line="18" assertions="1" time="0.004582"/>
    </testsuite>
    <testsuite name="Treebank_test" file="/var/www/html/gretel-upload/application/tests/controllers/Treebank_test.php" tests="1" assertions="1" failures="0" errors="0" time="0.027561">
      <testcase name="test_index" class="Treebank_test" file="/var/www/html/gretel-upload/application/tests/controllers/Treebank_test.php" line="6" assertions="1" time="0.027561"/>
    </testsuite>
  </testsuite>
</testsuites>
